{
  "RSpec": {
    "coverage": {
      "/Users/k3leland/Documents/hacks/ruby-parsing-examples/lib/person.rb": [
        1,
        1,
        1,
        1,
        1,
        1,
        null,
        1,
        1,
        null,
        1,
        1,
        1,
        1,
        null,
        null,
        1,
        12,
        null,
        null,
        1,
        45,
        45,
        45,
        45,
        45,
        45,
        45,
        null,
        null,
        1,
        27,
        null,
        null,
        1,
        71,
        null,
        null,
        null,
        null,
        1,
        1,
        1,
        27,
        null,
        null,
        null,
        null,
        1,
        1,
        1,
        4,
        4,
        11,
        11,
        null,
        null,
        null,
        null,
        null,
        null,
        null,
        4,
        null,
        null,
        1,
        1,
        1,
        4,
        4,
        11,
        11,
        null,
        null,
        null,
        null,
        null,
        null,
        null,
        4,
        null,
        null,
        1,
        1,
        1,
        4,
        4,
        11,
        11,
        null,
        null,
        null,
        null,
        null,
        null,
        null,
        4,
        null,
        null,
        1,
        1,
        1,
        0,
        null,
        null,
        1,
        1,
        1,
        16,
        null,
        null,
        1,
        1,
        1,
        27,
        null,
        null,
        null,
        1,
        1,
        1,
        22,
        22,
        3,
        null,
        null,
        1,
        1,
        1,
        22,
        22,
        13,
        null,
        null,
        1,
        1,
        1,
        null
      ],
      "/Users/k3leland/Documents/hacks/ruby-parsing-examples/spec/person_helpers.rb": [
        1,
        1,
        3,
        null,
        3,
        3,
        null,
        3,
        3,
        null,
        3,
        3,
        null,
        3,
        null,
        null
      ]
    },
    "timestamp": 1418919618
  }
}
